<?xml version="1.0" encoding="UTF-8"?>
<!-- Generated by org.testng.reporters.JUnitReportReporter -->
<testsuite hostname="lisys-27" name="priv.jjzhai.annotation.TestngAnnotation" tests="2" failures="0" timestamp="10 Mar 2016 10:22:11 GMT" time="0.006" errors="0">
  <testcase name="testCase2" time="0.001" classname="priv.jjzhai.annotation.TestngAnnotation"/>
  <testcase name="testCase1" time="0.005" classname="priv.jjzhai.annotation.TestngAnnotation"/>
</testsuite> <!-- priv.jjzhai.annotation.TestngAnnotation -->
