<?xml version="1.0" encoding="UTF-8"?>
<!-- Generated by org.testng.reporters.JUnitReportReporter -->
<testsuite hostname="lisys-27" name="priv.jjzhai.employee.TestEmployeeDetails" tests="2" failures="0" timestamp="10 Mar 2016 06:51:37 GMT" time="0.013" errors="0">
  <testcase name="testCalculateAppriasal" time="0.013" classname="priv.jjzhai.employee.TestEmployeeDetails"/>
  <testcase name="testCalculateYearlySalary" time="0.000" classname="priv.jjzhai.employee.TestEmployeeDetails"/>
</testsuite> <!-- priv.jjzhai.employee.TestEmployeeDetails -->
