<?xml version="1.0" encoding="UTF-8"?>
<!-- Generated by org.testng.reporters.JUnitReportReporter -->
<testsuite hostname="lisys-27" name="TestNGLearn1" tests="2" failures="0" timestamp="9 Mar 2016 12:19:18 GMT" time="0.005" errors="0">
  <testcase name="aSlowFast" time="0.000" classname="TestNGLearn1"/>
  <testcase name="aFastTest" time="0.005" classname="TestNGLearn1"/>
</testsuite> <!-- TestNGLearn1 -->
