<?xml version="1.0" encoding="UTF-8"?>
<!-- Generated by org.testng.reporters.JUnitReportReporter -->
<testsuite hostname="lisys-27" name="priv.jjzhai.suitetwotest.Test1" tests="1" failures="0" timestamp="10 Mar 2016 10:46:43 GMT" time="0.010" errors="0">
  <testcase name="testPrintMessage" time="0.010" classname="priv.jjzhai.suitetwotest.Test1"/>
</testsuite> <!-- priv.jjzhai.suitetwotest.Test1 -->
